
> my-v0-project@0.1.0 build C:\rahman\template\V0\superspace-zian\v0-remix-of-superspace-app-aazian
> next build

  ▲ Next.js 14.2.7
  - Environments: .env.local

   Creating an optimized production build ...
 ⚠ Compiled with warnings

./app/dashboard/[[...slug]]/page.tsx
Attempted import error: '@/frontend/shared/ui' does not contain a default export (imported as 'FeatureNotReady').

Import trace for requested module:
./app/dashboard/[[...slug]]/page.tsx

./app/dashboard/[[...slug]]/page.tsx
Attempted import error: '@/frontend/shared/ui' does not contain a default export (imported as 'FeatureNotReady').

Import trace for requested module:
./app/dashboard/[[...slug]]/page.tsx

./components/ui/Button.tsx
There are multiple modules with names that only differ in casing.
This can lead to unexpected behavior when compiling on a filesystem with other case-semantic.
Use equal casing. Compare these module identifiers:
* javascript/auto|C:\rahman\template\V0\superspace-zian\v0-remix-of-superspace-app-aazian\node_modules\.pnpm\next@14.2.7_@opentelemetry+api@1.9.0_react-dom@18.2.0_react@18.2.0__react@18.2.0\node_modules\next\dist\build\webpack\loaders\next-flight-client-module-loader.js!C:\rahman\template\V0\superspace-zian\v0-remix-of-superspace-app-aazian\node_modules\.pnpm\next@14.2.7_@opentelemetry+api@1.9.0_react-dom@18.2.0_react@18.2.0__react@18.2.0\node_modules\next\dist\build\webpack\loaders\next-swc-loader.js??ruleSet[1].rules[16].oneOf[6].use[1]!C:\rahman\template\V0\superspace-zian\v0-remix-of-superspace-app-aazian\components\ui\Button.tsx|ssr
    Used by 1 module(s), i. e.
    javascript/auto|C:\rahman\template\V0\superspace-zian\v0-remix-of-superspace-app-aazian\node_modules\.pnpm\next@14.2.7_@opentelemetry+api@1.9.0_react-dom@18.2.0_react@18.2.0__react@18.2.0\node_modules\next\dist\build\webpack\loaders\next-flight-client-module-loader.js!C:\rahman\template\V0\superspace-zian\v0-remix-of-superspace-app-aazian\node_modules\.pnpm\next@14.2.7_@opentelemetry+api@1.9.0_react-dom@18.2.0_react@18.2.0__react@18.2.0\node_modules\next\dist\build\webpack\loaders\next-swc-loader.js??ruleSet[1].rules[16].oneOf[6].use[1]!C:\rahman\template\V0\superspace-zian\v0-remix-of-superspace-app-aazian\frontend\shared\ui\components\loading\AsyncButton.tsx|ssr
* javascript/auto|C:\rahman\template\V0\superspace-zian\v0-remix-of-superspace-app-aazian\node_modules\.pnpm\next@14.2.7_@opentelemetry+api@1.9.0_react-dom@18.2.0_react@18.2.0__react@18.2.0\node_modules\next\dist\build\webpack\loaders\next-flight-client-module-loader.js!C:\rahman\template\V0\superspace-zian\v0-remix-of-superspace-app-aazian\node_modules\.pnpm\next@14.2.7_@opentelemetry+api@1.9.0_react-dom@18.2.0_react@18.2.0__react@18.2.0\node_modules\next\dist\build\webpack\loaders\next-swc-loader.js??ruleSet[1].rules[16].oneOf[6].use[1]!C:\rahman\template\V0\superspace-zian\v0-remix-of-superspace-app-aazian\components\ui\button.tsx|ssr
    Used by 81 module(s), i. e.
    javascript/auto|C:\rahman\template\V0\superspace-zian\v0-remix-of-superspace-app-aazian\node_modules\.pnpm\next@14.2.7_@opentelemetry+api@1.9.0_react-dom@18.2.0_react@18.2.0__react@18.2.0\node_modules\next\dist\build\webpack\loaders\next-flight-client-module-loader.js!C:\rahman\template\V0\superspace-zian\v0-remix-of-superspace-app-aazian\node_modules\.pnpm\next@14.2.7_@opentelemetry+api@1.9.0_react-dom@18.2.0_react@18.2.0__react@18.2.0\node_modules\next\dist\build\webpack\loaders\next-swc-loader.js??ruleSet[1].rules[16].oneOf[6].use[1]!C:\rahman\template\V0\superspace-zian\v0-remix-of-superspace-app-aazian\app\(landing)\header.tsx|ssr

Import trace for requested module:
./components/ui/Button.tsx
./frontend/shared/ui/components/loading/AsyncButton.tsx
./frontend/shared/ui/components/loading/index.ts
./frontend/shared/ui/index.ts
./app/dashboard/[[...slug]]/page.tsx

./frontend/features/ai/AIView.tsx
Attempted import error: 'SecondarySidebarLayout' is not exported from '@/frontend/shared/ui' (imported as 'SecondarySidebarLayout').

Import trace for requested module:
./frontend/features/ai/AIView.tsx
./frontend/features/ai/page.tsx
./frontend/views/manifest.tsx
./frontend/shared/ui/layout/sidebar/primary/AppSidebar.tsx

./frontend/features/automation/components/AutomationNode.tsx
Attempted import error: 'cn' is not exported from '@/frontend/shared/foundation' (imported as 'cn').

Import trace for requested module:
./frontend/features/automation/components/AutomationNode.tsx
./frontend/features/automation/pages/AutomationPage.tsx
./frontend/features/automation/page.tsx
./frontend/views/manifest.tsx
./frontend/shared/ui/layout/sidebar/primary/AppSidebar.tsx

./frontend/features/calendar/views/CalendarPage.tsx
Attempted import error: '@/frontend/shared/ui' does not contain a default export (imported as 'FeatureBadge').

Import trace for requested module:
./frontend/features/calendar/views/CalendarPage.tsx
./frontend/views/manifest.tsx
./frontend/shared/ui/layout/sidebar/primary/AppSidebar.tsx

./frontend/features/calls/CallsView.tsx
Attempted import error: 'SecondarySidebarLayout' is not exported from '@/frontend/shared/ui' (imported as 'SecondarySidebarLayout').

Import trace for requested module:
./frontend/features/calls/CallsView.tsx
./frontend/features/calls/page.tsx
./frontend/views/manifest.tsx
./frontend/shared/ui/layout/sidebar/primary/AppSidebar.tsx

./frontend/features/chat/components/chat/ChatsView.tsx
Attempted import error: 'SecondarySidebarLayout' is not exported from '@/frontend/shared/ui' (imported as 'SecondarySidebarLayout').

Import trace for requested module:
./frontend/features/chat/components/chat/ChatsView.tsx
./frontend/features/chat/components/chat/page.tsx
./frontend/features/chat/Message.tsx
./frontend/features/chat/page.tsx
./frontend/views/manifest.tsx
./frontend/shared/ui/layout/sidebar/primary/AppSidebar.tsx

./frontend/features/cms/pages/CMSBuilderPage.tsx
Attempted import error: 'addSelectionAsTemplate' is not exported from '@/frontend/shared/builder' (imported as 'addSelectionAsTemplate').

Import trace for requested module:
./frontend/features/cms/pages/CMSBuilderPage.tsx
./frontend/features/cms/index.tsx
./frontend/features/cms/page.tsx
./frontend/views/manifest.tsx
./frontend/shared/ui/layout/sidebar/primary/AppSidebar.tsx

./frontend/features/cms/pages/CMSBuilderPage.tsx
Attempted import error: 'addSelectionAsTemplate' is not exported from '@/frontend/shared/builder' (imported as 'addSelectionAsTemplate').

Import trace for requested module:
./frontend/features/cms/pages/CMSBuilderPage.tsx
./frontend/features/cms/index.tsx
./frontend/features/cms/page.tsx
./frontend/views/manifest.tsx
./frontend/shared/ui/layout/sidebar/primary/AppSidebar.tsx

./frontend/features/cms/slices/canvas/components/ShadcnNode.tsx
Attempted import error: 'getWidgetConfig' is not exported from '@/frontend/shared/foundation' (imported as 'getWidgetConfig').

Import trace for requested module:
./frontend/features/cms/slices/canvas/components/ShadcnNode.tsx
./frontend/features/cms/pages/CMSBuilderPage.tsx
./frontend/features/cms/index.tsx
./frontend/features/cms/page.tsx
./frontend/views/manifest.tsx
./frontend/shared/ui/layout/sidebar/primary/AppSidebar.tsx

./frontend/features/cms/slices/canvas/components/ShadcnNode.tsx
Attempted import error: 'useOptionalSharedCanvas' is not exported from '@/frontend/shared/builder' (imported as 'useOptionalSharedCanvas').

Import trace for requested module:
./frontend/features/cms/slices/canvas/components/ShadcnNode.tsx
./frontend/features/cms/pages/CMSBuilderPage.tsx
./frontend/features/cms/index.tsx
./frontend/features/cms/page.tsx
./frontend/views/manifest.tsx
./frontend/shared/ui/layout/sidebar/primary/AppSidebar.tsx

./frontend/features/cms/slices/renderer/components/Renderer.tsx
Attempted import error: 'getWidgetConfig' is not exported from '@/frontend/shared/foundation' (imported as 'getWidgetConfig').

Import trace for requested module:
./frontend/features/cms/slices/renderer/components/Renderer.tsx
./frontend/features/cms/pages/CMSBuilderPage.tsx
./frontend/features/cms/index.tsx
./frontend/features/cms/page.tsx
./frontend/views/manifest.tsx
./frontend/shared/ui/layout/sidebar/primary/AppSidebar.tsx

./frontend/features/cms/slices/renderer/components/Renderer.tsx
Attempted import error: 'getWidgetConfig' is not exported from '@/frontend/shared/foundation' (imported as 'getWidgetConfig').

Import trace for requested module:
./frontend/features/cms/slices/renderer/components/Renderer.tsx
./frontend/features/cms/pages/CMSBuilderPage.tsx
./frontend/features/cms/index.tsx
./frontend/features/cms/page.tsx
./frontend/views/manifest.tsx
./frontend/shared/ui/layout/sidebar/primary/AppSidebar.tsx

./frontend/features/cms/slices/renderer/components/Renderer.tsx
Attempted import error: 'getWidgetConfig' is not exported from '@/frontend/shared/foundation' (imported as 'getWidgetConfig').

Import trace for requested module:
./frontend/features/cms/slices/renderer/components/Renderer.tsx
./frontend/features/cms/pages/CMSBuilderPage.tsx
./frontend/features/cms/index.tsx
./frontend/features/cms/page.tsx
./frontend/views/manifest.tsx
./frontend/shared/ui/layout/sidebar/primary/AppSidebar.tsx

./frontend/features/database/components/DatabaseShell.tsx
Attempted import error: 'SecondarySidebarLayout' is not exported from '@/frontend/shared/ui' (imported as 'SecondarySidebarLayout').

Import trace for requested module:
./frontend/features/database/components/DatabaseShell.tsx
./frontend/features/database/components/index.ts
./frontend/features/database/views/DatabasePage.tsx
./frontend/features/database/views/index.ts
./frontend/features/database/page.tsx
./frontend/views/manifest.tsx
./frontend/shared/ui/layout/sidebar/primary/AppSidebar.tsx

./frontend/features/database/components/DatabaseSidebar.tsx
Attempted import error: 'SecondarySidebarLayout' is not exported from '@/frontend/shared/ui' (imported as 'SecondarySidebarLayout').

Import trace for requested module:
./frontend/features/database/components/DatabaseSidebar.tsx
./frontend/features/database/components/index.ts
./frontend/features/database/views/DatabasePage.tsx
./frontend/features/database/views/index.ts
./frontend/features/database/page.tsx
./frontend/views/manifest.tsx
./frontend/shared/ui/layout/sidebar/primary/AppSidebar.tsx

./frontend/features/documents/shared/components/DocumentsBrowser.tsx
Attempted import error: 'SecondarySidebarTools' is not exported from '@/frontend/shared/ui' (imported as 'SecondarySidebarTools').

Import trace for requested module:
./frontend/features/documents/shared/components/DocumentsBrowser.tsx
./frontend/features/documents/shared/components/WorkspaceDocumentsManager.tsx
./frontend/features/documents/view/page.tsx
./frontend/features/documents/page.tsx
./frontend/views/manifest.tsx
./frontend/shared/ui/layout/sidebar/primary/AppSidebar.tsx

./frontend/features/documents/shared/components/DocumentsBrowser.tsx
Attempted import error: 'DocumentMenuWrapper' is not exported from '@/frontend/shared/ui' (imported as 'DocumentMenuWrapper').

Import trace for requested module:
./frontend/features/documents/shared/components/DocumentsBrowser.tsx
./frontend/features/documents/shared/components/WorkspaceDocumentsManager.tsx
./frontend/features/documents/view/page.tsx
./frontend/features/documents/page.tsx
./frontend/views/manifest.tsx
./frontend/shared/ui/layout/sidebar/primary/AppSidebar.tsx

./frontend/features/documents/shared/components/DocumentsBrowser.tsx
Attempted import error: 'SecondarySidebarLayout' is not exported from '@/frontend/shared/ui' (imported as 'SecondarySidebarLayout').

Import trace for requested module:
./frontend/features/documents/shared/components/DocumentsBrowser.tsx
./frontend/features/documents/shared/components/WorkspaceDocumentsManager.tsx
./frontend/features/documents/view/page.tsx
./frontend/features/documents/page.tsx
./frontend/views/manifest.tsx
./frontend/shared/ui/layout/sidebar/primary/AppSidebar.tsx

./frontend/features/documents/shared/components/editor/TiptapDocumentEditor.tsx
Attempted import error: 'CommentsPanel' is not exported from '@/frontend/shared/communications' (imported as 'CommentsPanel').

Import trace for requested module:
./frontend/features/documents/shared/components/editor/TiptapDocumentEditor.tsx
./frontend/features/documents/shared/components/editor/DocumentEditor.tsx
./frontend/features/documents/shared/components/editor/index.ts
./frontend/features/documents/shared/components/WorkspaceDocumentsManager.tsx
./frontend/features/documents/view/page.tsx
./frontend/features/documents/page.tsx
./frontend/views/manifest.tsx
./frontend/shared/ui/layout/sidebar/primary/AppSidebar.tsx

./frontend/features/menu-store/page.tsx
Attempted import error: 'BreadcrumbNavigation' is not exported from '@/frontend/shared/ui' (imported as 'BreadcrumbNavigation').

Import trace for requested module:
./frontend/features/menu-store/page.tsx
./frontend/views/manifest.tsx
./frontend/shared/ui/layout/sidebar/primary/AppSidebar.tsx

./frontend/features/menu-store/page.tsx
Attempted import error: 'SecondarySidebarTools' is not exported from '@/frontend/shared/ui' (imported as 'SecondarySidebarTools').

Import trace for requested module:
./frontend/features/menu-store/page.tsx
./frontend/views/manifest.tsx
./frontend/shared/ui/layout/sidebar/primary/AppSidebar.tsx

./frontend/features/menu-store/page.tsx
Attempted import error: 'DragDropMenuTree' is not exported from '@/frontend/shared/ui' (imported as 'DragDropMenuTree').

Import trace for requested module:
./frontend/features/menu-store/page.tsx
./frontend/views/manifest.tsx
./frontend/shared/ui/layout/sidebar/primary/AppSidebar.tsx

./frontend/features/menu-store/page.tsx
Attempted import error: 'MenuStoreMenuWrapper' is not exported from '@/frontend/shared/ui' (imported as 'MenuStoreMenuWrapper').

Import trace for requested module:
./frontend/features/menu-store/page.tsx
./frontend/views/manifest.tsx
./frontend/shared/ui/layout/sidebar/primary/AppSidebar.tsx

./frontend/features/menu-store/page.tsx
Attempted import error: 'SecondarySidebarLayout' is not exported from '@/frontend/shared/ui' (imported as 'SecondarySidebarLayout').

Import trace for requested module:
./frontend/features/menu-store/page.tsx
./frontend/views/manifest.tsx
./frontend/shared/ui/layout/sidebar/primary/AppSidebar.tsx

./frontend/features/menu-store/sections/InstalledSection.tsx
Attempted import error: 'MenuItemForm' is not exported from '@/frontend/shared/ui' (imported as 'MenuItemForm').

Import trace for requested module:
./frontend/features/menu-store/sections/InstalledSection.tsx
./frontend/features/menu-store/sections/index.ts
./frontend/features/menu-store/page.tsx
./frontend/views/manifest.tsx
./frontend/shared/ui/layout/sidebar/primary/AppSidebar.tsx

./frontend/features/menu-store/sections/InstalledSection.tsx
Attempted import error: 'MenuDisplay' is not exported from '@/frontend/shared/ui' (imported as 'MenuDisplay').

Import trace for requested module:
./frontend/features/menu-store/sections/InstalledSection.tsx
./frontend/features/menu-store/sections/index.ts
./frontend/features/menu-store/page.tsx
./frontend/views/manifest.tsx
./frontend/shared/ui/layout/sidebar/primary/AppSidebar.tsx

./frontend/features/menu-store/sections/InstalledSection.tsx
Attempted import error: 'MenuPreview' is not exported from '@/frontend/shared/ui' (imported as 'MenuPreview').

Import trace for requested module:
./frontend/features/menu-store/sections/InstalledSection.tsx
./frontend/features/menu-store/sections/index.ts
./frontend/features/menu-store/page.tsx
./frontend/views/manifest.tsx
./frontend/shared/ui/layout/sidebar/primary/AppSidebar.tsx

./frontend/features/reports/views/ReportsPage.tsx
Attempted import error: '@/frontend/shared/ui' does not contain a default export (imported as 'FeatureNotReady').

Import trace for requested module:
./frontend/features/reports/views/ReportsPage.tsx
./frontend/views/manifest.tsx
./frontend/shared/ui/layout/sidebar/primary/AppSidebar.tsx

./frontend/features/reports/views/ReportsPage.tsx
Attempted import error: '@/frontend/shared/ui' does not contain a default export (imported as 'FeatureBadge').

Import trace for requested module:
./frontend/features/reports/views/ReportsPage.tsx
./frontend/views/manifest.tsx
./frontend/shared/ui/layout/sidebar/primary/AppSidebar.tsx

./frontend/features/status/StatusView.tsx
Attempted import error: 'SecondarySidebarLayout' is not exported from '@/frontend/shared/ui' (imported as 'SecondarySidebarLayout').

Import trace for requested module:
./frontend/features/status/StatusView.tsx
./frontend/features/status/page.tsx
./frontend/views/manifest.tsx
./frontend/shared/ui/layout/sidebar/primary/AppSidebar.tsx

./frontend/features/support/components/SupportDashboard.tsx
Attempted import error: 'SecondarySidebarLayout' is not exported from '@/frontend/shared/ui' (imported as 'SecondarySidebarLayout').

Import trace for requested module:
./frontend/features/support/components/SupportDashboard.tsx
./frontend/features/support/page.tsx
./frontend/views/manifest.tsx
./frontend/shared/ui/layout/sidebar/primary/AppSidebar.tsx

./frontend/features/tasks/views/TasksPage.tsx
Attempted import error: '@/frontend/shared/ui' does not contain a default export (imported as 'FeatureBadge').

Import trace for requested module:
./frontend/features/tasks/views/TasksPage.tsx
./frontend/views/manifest.tsx
./frontend/shared/ui/layout/sidebar/primary/AppSidebar.tsx

./frontend/features/wiki/views/WikiPage.tsx
Attempted import error: '@/frontend/shared/ui' does not contain a default export (imported as 'FeatureBadge').

Import trace for requested module:
./frontend/features/wiki/views/WikiPage.tsx
./frontend/views/manifest.tsx
./frontend/shared/ui/layout/sidebar/primary/AppSidebar.tsx

./frontend/shared/builder/blocks/registry.ts
Critical dependency: Accessing import.meta directly is unsupported (only property access or destructuring is supported)

Import trace for requested module:
./frontend/shared/builder/blocks/registry.ts
./frontend/shared/builder/blocks/index.ts
./frontend/shared/builder/index.ts
./frontend/shared/ui/components/canvas/SharedCanvas.tsx
./frontend/shared/ui/components/canvas/index.ts
./frontend/shared/ui/index.ts
./app/dashboard/[[...slug]]/page.tsx

./frontend/shared/builder/canvas/nodes/BaseNode.tsx
Attempted import error: 'cn' is not exported from '@/frontend/shared/foundation' (imported as 'cn').

Import trace for requested module:
./frontend/shared/builder/canvas/nodes/BaseNode.tsx
./frontend/shared/builder/canvas/nodes/index.ts
./frontend/shared/builder/index.ts
./frontend/shared/ui/components/canvas/SharedCanvas.tsx
./frontend/shared/ui/components/canvas/index.ts
./frontend/shared/ui/index.ts
./app/dashboard/[[...slug]]/page.tsx

./frontend/shared/builder/canvas/nodes/BaseNode.tsx
Attempted import error: 'cn' is not exported from '@/frontend/shared/foundation' (imported as 'cn').

Import trace for requested module:
./frontend/shared/builder/canvas/nodes/BaseNode.tsx
./frontend/shared/builder/canvas/nodes/index.ts
./frontend/shared/builder/index.ts
./frontend/shared/ui/components/canvas/SharedCanvas.tsx
./frontend/shared/ui/components/canvas/index.ts
./frontend/shared/ui/index.ts
./app/dashboard/[[...slug]]/page.tsx

./frontend/shared/builder/canvas/nodes/BaseNode.tsx
Attempted import error: 'cn' is not exported from '@/frontend/shared/foundation' (imported as 'cn').

Import trace for requested module:
./frontend/shared/builder/canvas/nodes/BaseNode.tsx
./frontend/shared/builder/canvas/nodes/index.ts
./frontend/shared/builder/index.ts
./frontend/shared/ui/components/canvas/SharedCanvas.tsx
./frontend/shared/ui/components/canvas/index.ts
./frontend/shared/ui/index.ts
./app/dashboard/[[...slug]]/page.tsx

./frontend/shared/builder/canvas/nodes/BaseNode.tsx
Attempted import error: 'cn' is not exported from '@/frontend/shared/foundation' (imported as 'cn').

Import trace for requested module:
./frontend/shared/builder/canvas/nodes/BaseNode.tsx
./frontend/shared/builder/canvas/nodes/index.ts
./frontend/shared/builder/index.ts
./frontend/shared/ui/components/canvas/SharedCanvas.tsx
./frontend/shared/ui/components/canvas/index.ts
./frontend/shared/ui/index.ts
./app/dashboard/[[...slug]]/page.tsx

./frontend/shared/builder/elements/registry.ts
Critical dependency: Accessing import.meta directly is unsupported (only property access or destructuring is supported)

Import trace for requested module:
./frontend/shared/builder/elements/registry.ts
./frontend/shared/builder/elements/index.ts
./frontend/shared/builder/index.ts
./frontend/shared/ui/components/canvas/SharedCanvas.tsx
./frontend/shared/ui/components/canvas/index.ts
./frontend/shared/ui/index.ts
./app/dashboard/[[...slug]]/page.tsx

./frontend/shared/builder/flows/registry.ts
Critical dependency: Accessing import.meta directly is unsupported (only property access or destructuring is supported)

Import trace for requested module:
./frontend/shared/builder/flows/registry.ts
./frontend/shared/builder/flows/index.ts
./frontend/shared/builder/index.ts
./frontend/shared/ui/components/canvas/SharedCanvas.tsx
./frontend/shared/ui/components/canvas/index.ts
./frontend/shared/ui/index.ts
./app/dashboard/[[...slug]]/page.tsx

./frontend/shared/builder/sections/registry.ts
Critical dependency: Accessing import.meta directly is unsupported (only property access or destructuring is supported)

Import trace for requested module:
./frontend/shared/builder/sections/registry.ts
./frontend/shared/builder/sections/index.ts
./frontend/shared/builder/index.ts
./frontend/shared/ui/components/canvas/SharedCanvas.tsx
./frontend/shared/ui/components/canvas/index.ts
./frontend/shared/ui/index.ts
./app/dashboard/[[...slug]]/page.tsx

./frontend/shared/builder/templates/registry.ts
Critical dependency: Accessing import.meta directly is unsupported (only property access or destructuring is supported)

Import trace for requested module:
./frontend/shared/builder/templates/registry.ts
./frontend/shared/builder/templates/index.ts
./frontend/shared/builder/index.ts
./frontend/shared/ui/components/canvas/SharedCanvas.tsx
./frontend/shared/ui/components/canvas/index.ts
./frontend/shared/ui/index.ts
./app/dashboard/[[...slug]]/page.tsx

./frontend/shared/foundation/utils/registry/RegistryLoader.ts
Critical dependency: the request of a dependency is an expression

Import trace for requested module:
./frontend/shared/foundation/utils/registry/RegistryLoader.ts
./frontend/shared/foundation/utils/registry/index.ts
./frontend/shared/foundation/utils/index.ts
./frontend/shared/ui/components/utils/componentFactory.ts
./frontend/shared/ui/components/utils/index.ts
./frontend/shared/ui/index.ts
./app/dashboard/[[...slug]]/page.tsx

./frontend/shared/settings/SettingsPopup.tsx
Attempted import error: 'GeneralSettings' is not exported from './components' (imported as 'GeneralSettings').

Import trace for requested module:
./frontend/shared/settings/SettingsPopup.tsx
./frontend/shared/settings/index.ts
./frontend/shared/settings/workspace/WorkspaceSettings.tsx
./frontend/views/static/workspaces/index.ts
./app/dashboard/workspace/page.tsx

./frontend/shared/settings/SettingsPopup.tsx
Attempted import error: 'AccountSettings' is not exported from './components' (imported as 'AccountSettings').

Import trace for requested module:
./frontend/shared/settings/SettingsPopup.tsx
./frontend/shared/settings/index.ts
./frontend/shared/settings/workspace/WorkspaceSettings.tsx
./frontend/views/static/workspaces/index.ts
./app/dashboard/workspace/page.tsx

./frontend/shared/settings/SettingsPopup.tsx
Attempted import error: 'ChatSettings' is not exported from './components' (imported as 'ChatSettings').

Import trace for requested module:
./frontend/shared/settings/SettingsPopup.tsx
./frontend/shared/settings/index.ts
./frontend/shared/settings/workspace/WorkspaceSettings.tsx
./frontend/views/static/workspaces/index.ts
./app/dashboard/workspace/page.tsx

./frontend/shared/settings/SettingsPopup.tsx
Attempted import error: 'VideoVoiceSettings' is not exported from './components' (imported as 'VideoVoiceSettings').

Import trace for requested module:
./frontend/shared/settings/SettingsPopup.tsx
./frontend/shared/settings/index.ts
./frontend/shared/settings/workspace/WorkspaceSettings.tsx
./frontend/views/static/workspaces/index.ts
./app/dashboard/workspace/page.tsx

./frontend/shared/settings/SettingsPopup.tsx
Attempted import error: 'NotificationSettings' is not exported from './components' (imported as 'NotificationSettings').

Import trace for requested module:
./frontend/shared/settings/SettingsPopup.tsx
./frontend/shared/settings/index.ts
./frontend/shared/settings/workspace/WorkspaceSettings.tsx
./frontend/views/static/workspaces/index.ts
./app/dashboard/workspace/page.tsx

./frontend/shared/settings/SettingsPopup.tsx
Attempted import error: 'PersonalizationSettings' is not exported from './components' (imported as 'PersonalizationSettings').

Import trace for requested module:
./frontend/shared/settings/SettingsPopup.tsx
./frontend/shared/settings/index.ts
./frontend/shared/settings/workspace/WorkspaceSettings.tsx
./frontend/views/static/workspaces/index.ts
./app/dashboard/workspace/page.tsx

./frontend/shared/settings/SettingsPopup.tsx
Attempted import error: 'StorageSettings' is not exported from './components' (imported as 'StorageSettings').

Import trace for requested module:
./frontend/shared/settings/SettingsPopup.tsx
./frontend/shared/settings/index.ts
./frontend/shared/settings/workspace/WorkspaceSettings.tsx
./frontend/views/static/workspaces/index.ts
./app/dashboard/workspace/page.tsx

./frontend/shared/settings/SettingsPopup.tsx
Attempted import error: 'ShortcutsSettings' is not exported from './components' (imported as 'ShortcutsSettings').

Import trace for requested module:
./frontend/shared/settings/SettingsPopup.tsx
./frontend/shared/settings/index.ts
./frontend/shared/settings/workspace/WorkspaceSettings.tsx
./frontend/views/static/workspaces/index.ts
./app/dashboard/workspace/page.tsx

./frontend/shared/settings/SettingsPopup.tsx
Attempted import error: 'HelpSettings' is not exported from './components' (imported as 'HelpSettings').

Import trace for requested module:
./frontend/shared/settings/SettingsPopup.tsx
./frontend/shared/settings/index.ts
./frontend/shared/settings/workspace/WorkspaceSettings.tsx
./frontend/views/static/workspaces/index.ts
./app/dashboard/workspace/page.tsx

./frontend/shared/settings/SettingsView.tsx
Attempted import error: 'VideoVoiceSettings' is not exported from '@/frontend/shared/settings' (imported as 'VideoVoiceSettings').

Import trace for requested module:
./frontend/shared/settings/SettingsView.tsx
./frontend/shared/settings/index.ts
./frontend/shared/settings/workspace/WorkspaceSettings.tsx
./frontend/views/static/workspaces/index.ts
./app/dashboard/workspace/page.tsx

./frontend/shared/settings/SettingsView.tsx
Attempted import error: 'SecondarySidebarLayout' is not exported from '@/frontend/shared/ui' (imported as 'SecondarySidebarLayout').

Import trace for requested module:
./frontend/shared/settings/SettingsView.tsx
./frontend/shared/settings/index.ts
./frontend/shared/settings/workspace/WorkspaceSettings.tsx
./frontend/views/static/workspaces/index.ts
./app/dashboard/workspace/page.tsx

./frontend/shared/settings/index.ts
export 'SettingsRegistry' (reexported as 'SettingsRegistry') was not found in './SettingsRegistry' (possible exports: SettingsRegistryProvider, useRegisterFeatureSettings, useSettingsRegistry)

Import trace for requested module:
./frontend/shared/settings/index.ts
./frontend/shared/settings/workspace/WorkspaceSettings.tsx
./frontend/views/static/workspaces/index.ts
./app/dashboard/workspace/page.tsx

./frontend/shared/settings/index.ts
export 'featureSettingsRegistry' (reexported as 'featureSettingsRegistry') was not found in './featureSettingsRegistry' (possible exports: clearFeatureSettingsRegistry, getAllRegisteredFeatures, getFeatureSettingsBuilder, hasFeatureSettings, registerFeatureSettings, unregisterFeatureSettings)

Import trace for requested module:
./frontend/shared/settings/index.ts
./frontend/shared/settings/workspace/WorkspaceSettings.tsx
./frontend/views/static/workspaces/index.ts
./app/dashboard/workspace/page.tsx

./frontend/shared/settings/index.ts
export 'getFeatureSettings' (reexported as 'getFeatureSettings') was not found in './featureSettingsRegistry' (possible exports: clearFeatureSettingsRegistry, getAllRegisteredFeatures, getFeatureSettingsBuilder, hasFeatureSettings, registerFeatureSettings, unregisterFeatureSettings)

Import trace for requested module:
./frontend/shared/settings/index.ts
./frontend/shared/settings/workspace/WorkspaceSettings.tsx
./frontend/views/static/workspaces/index.ts
./app/dashboard/workspace/page.tsx

./frontend/shared/settings/index.ts
The requested module './workspace' contains conflicting star exports for the name 'GeneralSettings' with the previous requested module './general'

Import trace for requested module:
./frontend/shared/settings/index.ts
./frontend/shared/settings/workspace/WorkspaceSettings.tsx
./frontend/views/static/workspaces/index.ts
./app/dashboard/workspace/page.tsx

./frontend/shared/settings/workspace/WorkspaceSettings.tsx
Attempted import error: 'useSettingsRegistry' is not exported from '@/frontend/shared/settings' (imported as 'useSettingsRegistry').

Import trace for requested module:
./frontend/shared/settings/workspace/WorkspaceSettings.tsx
./frontend/views/static/workspaces/index.ts
./app/dashboard/workspace/page.tsx

./frontend/shared/settings/workspace/WorkspaceSettings.tsx
Attempted import error: 'SettingsRegistryProvider' is not exported from '@/frontend/shared/settings' (imported as 'SettingsRegistryProvider').

Import trace for requested module:
./frontend/shared/settings/workspace/WorkspaceSettings.tsx
./frontend/views/static/workspaces/index.ts
./app/dashboard/workspace/page.tsx

./frontend/shared/settings/workspace/index.ts
export 'default' (reexported as 'WorkspaceSettings') was not found in './WorkspaceSettings' (possible exports: FEATURE_SETTINGS_DEFAULT_CATEGORY, WorkspaceSettings, getWorkspaceFeatureDefaultCategory)

Import trace for requested module:
./frontend/shared/settings/workspace/index.ts
./frontend/shared/settings/index.ts
./frontend/shared/settings/workspace/WorkspaceSettings.tsx
./frontend/views/static/workspaces/index.ts
./app/dashboard/workspace/page.tsx

./frontend/shared/settings/workspace/index.ts
export 'default' (reexported as 'GeneralSettings') was not found in './GeneralSettings' (possible exports: GeneralSettings)

Import trace for requested module:
./frontend/shared/settings/workspace/index.ts
./frontend/shared/settings/index.ts
./frontend/shared/settings/workspace/WorkspaceSettings.tsx
./frontend/views/static/workspaces/index.ts
./app/dashboard/workspace/page.tsx

./frontend/shared/settings/workspace/index.ts
export 'default' (reexported as 'DangerZoneSettings') was not found in './DangerZoneSettings' (possible exports: DangerZoneSettings)

Import trace for requested module:
./frontend/shared/settings/workspace/index.ts
./frontend/shared/settings/index.ts
./frontend/shared/settings/workspace/WorkspaceSettings.tsx
./frontend/views/static/workspaces/index.ts
./app/dashboard/workspace/page.tsx

./frontend/shared/ui/components/registry.ts
Critical dependency: Accessing import.meta directly is unsupported (only property access or destructuring is supported)

Import trace for requested module:
./frontend/shared/ui/components/registry.ts
./frontend/shared/ui/index.ts
./app/dashboard/[[...slug]]/page.tsx

./frontend/shared/ui/index.ts
export 'FeatureBadge' (reexported as 'FeatureBadge') was not found in './components/FeatureBadge' (possible exports: default)

Import trace for requested module:
./frontend/shared/ui/index.ts
./app/dashboard/[[...slug]]/page.tsx

./frontend/shared/ui/index.ts
export 'FeatureNotReady' (reexported as 'FeatureNotReady') was not found in './components/FeatureNotReady' (possible exports: default)

Import trace for requested module:
./frontend/shared/ui/index.ts
./app/dashboard/[[...slug]]/page.tsx

./frontend/shared/ui/index.ts
The requested module './components/ui' contains conflicting star exports for the name 'Breadcrumb' with the previous requested module './components/navigation'

Import trace for requested module:
./frontend/shared/ui/index.ts
./app/dashboard/[[...slug]]/page.tsx

./frontend/shared/ui/layout/sidebar/primary/NavUser.tsx
Attempted import error: 'SafeSignOutButton' is not exported from '@/frontend/shared/foundation' (imported as 'SafeSignOutButton').

Import trace for requested module:
./frontend/shared/ui/layout/sidebar/primary/NavUser.tsx
./frontend/shared/ui/layout/sidebar/primary/AppSidebar.tsx

Failed to compile.

./node_modules/.pnpm/@nodelib+fs.scandir@2.1.5/node_modules/@nodelib/fs.scandir/out/adapters/fs.js
Module not found: Can't resolve 'fs'
Did you mean './fs'?
Requests that should resolve in the current directory need to start with './'.
Requests that start with a name are treated as module requests and resolve within module directories (node_modules, C:\rahman\template\V0\superspace-zian\v0-remix-of-superspace-app-aazian\node_modules\.pnpm\next@14.2.7_@opentelemetry+api@1.9.0_react-dom@18.2.0_react@18.2.0__react@18.2.0\node_modules\next\dist\bin\node_modules, C:\rahman\template\V0\superspace-zian\v0-remix-of-superspace-app-aazian\node_modules\.pnpm\next@14.2.7_@opentelemetry+api@1.9.0_react-dom@18.2.0_react@18.2.0__react@18.2.0\node_modules\next\dist\node_modules, C:\rahman\template\V0\superspace-zian\v0-remix-of-superspace-app-aazian\node_modules\.pnpm\next@14.2.7_@opentelemetry+api@1.9.0_react-dom@18.2.0_react@18.2.0__react@18.2.0\node_modules\next\node_modules, C:\rahman\template\V0\superspace-zian\v0-remix-of-superspace-app-aazian\node_modules\.pnpm\next@14.2.7_@opentelemetry+api@1.9.0_react-dom@18.2.0_react@18.2.0__react@18.2.0\node_modules, C:\rahman\template\V0\superspace-zian\v0-remix-of-superspace-app-aazian\node_modules\.pnpm\node_modules).
If changing the source code is not an option there is also a resolve options called 'preferRelative' which tries to resolve these kind of requests in the current directory too.

https://nextjs.org/docs/messages/module-not-found

Import trace for requested module:
./node_modules/.pnpm/@nodelib+fs.scandir@2.1.5/node_modules/@nodelib/fs.scandir/out/settings.js
./node_modules/.pnpm/@nodelib+fs.scandir@2.1.5/node_modules/@nodelib/fs.scandir/out/index.js
./node_modules/.pnpm/@nodelib+fs.walk@1.2.8/node_modules/@nodelib/fs.walk/out/settings.js
./node_modules/.pnpm/@nodelib+fs.walk@1.2.8/node_modules/@nodelib/fs.walk/out/index.js
./node_modules/.pnpm/fast-glob@3.3.3/node_modules/fast-glob/out/readers/async.js
./node_modules/.pnpm/fast-glob@3.3.3/node_modules/fast-glob/out/providers/async.js
./node_modules/.pnpm/fast-glob@3.3.3/node_modules/fast-glob/out/index.js
./frontend/shared/foundation/utils/registry/RegistryLoader.ts
./frontend/shared/foundation/utils/registry/index.ts
./frontend/shared/foundation/utils/index.ts
./frontend/shared/ui/components/utils/componentFactory.ts
./frontend/shared/ui/components/utils/index.ts
./frontend/shared/ui/index.ts
./app/dashboard/[[...slug]]/page.tsx

./node_modules/.pnpm/@nodelib+fs.stat@2.0.5/node_modules/@nodelib/fs.stat/out/adapters/fs.js
Module not found: Can't resolve 'fs'
Did you mean './fs'?
Requests that should resolve in the current directory need to start with './'.
Requests that start with a name are treated as module requests and resolve within module directories (node_modules, C:\rahman\template\V0\superspace-zian\v0-remix-of-superspace-app-aazian\node_modules\.pnpm\next@14.2.7_@opentelemetry+api@1.9.0_react-dom@18.2.0_react@18.2.0__react@18.2.0\node_modules\next\dist\bin\node_modules, C:\rahman\template\V0\superspace-zian\v0-remix-of-superspace-app-aazian\node_modules\.pnpm\next@14.2.7_@opentelemetry+api@1.9.0_react-dom@18.2.0_react@18.2.0__react@18.2.0\node_modules\next\dist\node_modules, C:\rahman\template\V0\superspace-zian\v0-remix-of-superspace-app-aazian\node_modules\.pnpm\next@14.2.7_@opentelemetry+api@1.9.0_react-dom@18.2.0_react@18.2.0__react@18.2.0\node_modules\next\node_modules, C:\rahman\template\V0\superspace-zian\v0-remix-of-superspace-app-aazian\node_modules\.pnpm\next@14.2.7_@opentelemetry+api@1.9.0_react-dom@18.2.0_react@18.2.0__react@18.2.0\node_modules, C:\rahman\template\V0\superspace-zian\v0-remix-of-superspace-app-aazian\node_modules\.pnpm\node_modules).
If changing the source code is not an option there is also a resolve options called 'preferRelative' which tries to resolve these kind of requests in the current directory too.

https://nextjs.org/docs/messages/module-not-found

Import trace for requested module:
./node_modules/.pnpm/@nodelib+fs.stat@2.0.5/node_modules/@nodelib/fs.stat/out/settings.js
./node_modules/.pnpm/@nodelib+fs.stat@2.0.5/node_modules/@nodelib/fs.stat/out/index.js
./node_modules/.pnpm/fast-glob@3.3.3/node_modules/fast-glob/out/readers/sync.js
./node_modules/.pnpm/fast-glob@3.3.3/node_modules/fast-glob/out/providers/sync.js
./node_modules/.pnpm/fast-glob@3.3.3/node_modules/fast-glob/out/index.js
./frontend/shared/foundation/utils/registry/RegistryLoader.ts
./frontend/shared/foundation/utils/registry/index.ts
./frontend/shared/foundation/utils/index.ts
./frontend/shared/ui/components/utils/componentFactory.ts
./frontend/shared/ui/components/utils/index.ts
./frontend/shared/ui/index.ts
./app/dashboard/[[...slug]]/page.tsx

./node_modules/.pnpm/fast-glob@3.3.3/node_modules/fast-glob/out/settings.js
Module not found: Can't resolve 'fs'

https://nextjs.org/docs/messages/module-not-found

Import trace for requested module:
./node_modules/.pnpm/fast-glob@3.3.3/node_modules/fast-glob/out/index.js
./frontend/shared/foundation/utils/registry/RegistryLoader.ts
./frontend/shared/foundation/utils/registry/index.ts
./frontend/shared/foundation/utils/index.ts
./frontend/shared/ui/components/utils/componentFactory.ts
./frontend/shared/ui/components/utils/index.ts
./frontend/shared/ui/index.ts
./app/dashboard/[[...slug]]/page.tsx


> Build failed because of webpack errors
 ELIFECYCLE  Command failed with exit code 1.
